<?xml version="1.0" encoding="UTF-8"?>
<testsuite name="francosuarez.parcial.MutantsApplicationTests" tests="1" skipped="0" failures="0" errors="0" timestamp="2024-10-21T18:53:34" hostname="FRAN" time="0.317">
  <properties/>
  <testcase name="contextLoads()" classname="francosuarez.parcial.MutantsApplicationTests" time="0.317"/>
  <system-out><![CDATA[15:53:31.359 [Test worker] INFO org.springframework.test.context.support.AnnotationConfigContextLoaderUtils -- Could not detect default configuration classes for test class [francosuarez.parcial.MutantsApplicationTests]: MutantsApplicationTests does not declare any static, non-private, non-final, nested classes annotated with @Configuration.
15:53:31.441 [Test worker] INFO org.springframework.boot.test.context.SpringBootTestContextBootstrapper -- Found @SpringBootConfiguration francosuarez.parcial.MutantsApplication for test class francosuarez.parcial.MutantsApplicationTests

  .   ____          _            __ _ _
 /\\ / ___'_ __ _ _(_)_ __  __ _ \ \ \ \
( ( )\___ | '_ | '_| | '_ \/ _` | \ \ \ \
 \\/  ___)| |_)| | | | | || (_| |  ) ) ) )
  '  |____| .__|_| |_|_| |_\__, | / / / /
 =========|_|==============|___/=/_/_/_/

 :: Spring Boot ::                (v3.3.4)

2024-10-21T15:53:31.756-03:00  INFO 10772 --- [mutants] [    Test worker] f.parcial.MutantsApplicationTests        : Starting MutantsApplicationTests using Java 17.0.8 with PID 10772 (started by fmzaa in C:\Users\fmzaa\OneDrive\Documentos\Facultad\ds-parcial)
2024-10-21T15:53:31.757-03:00  INFO 10772 --- [mutants] [    Test worker] f.parcial.MutantsApplicationTests        : No active profile set, falling back to 1 default profile: "default"
2024-10-21T15:53:31.783-03:00 DEBUG 10772 --- [mutants] [    Test worker] o.s.w.c.s.GenericWebApplicationContext   : Refreshing org.springframework.web.context.support.GenericWebApplicationContext@7f02251
2024-10-21T15:53:32.300-03:00  INFO 10772 --- [mutants] [    Test worker] .s.d.r.c.RepositoryConfigurationDelegate : Bootstrapping Spring Data JPA repositories in DEFAULT mode.
2024-10-21T15:53:32.343-03:00  INFO 10772 --- [mutants] [    Test worker] .s.d.r.c.RepositoryConfigurationDelegate : Finished Spring Data repository scanning in 35 ms. Found 1 JPA repository interface.
2024-10-21T15:53:32.669-03:00  INFO 10772 --- [mutants] [    Test worker] o.hibernate.jpa.internal.util.LogHelper  : HHH000204: Processing PersistenceUnitInfo [name: default]
2024-10-21T15:53:32.731-03:00  INFO 10772 --- [mutants] [    Test worker] org.hibernate.Version                    : HHH000412: Hibernate ORM core version 6.5.3.Final
2024-10-21T15:53:32.765-03:00  INFO 10772 --- [mutants] [    Test worker] o.h.c.internal.RegionFactoryInitiator    : HHH000026: Second-level cache disabled
2024-10-21T15:53:33.039-03:00  INFO 10772 --- [mutants] [    Test worker] o.s.o.j.p.SpringPersistenceUnitInfo      : No LoadTimeWeaver setup: ignoring JPA class transformer
2024-10-21T15:53:33.064-03:00  INFO 10772 --- [mutants] [    Test worker] com.zaxxer.hikari.HikariDataSource       : HikariPool-1 - Starting...
2024-10-21T15:53:33.204-03:00  INFO 10772 --- [mutants] [    Test worker] com.zaxxer.hikari.pool.HikariPool        : HikariPool-1 - Added connection conn0: url=jdbc:h2:mem:parcialds user=SA
2024-10-21T15:53:33.205-03:00  INFO 10772 --- [mutants] [    Test worker] com.zaxxer.hikari.HikariDataSource       : HikariPool-1 - Start completed.
2024-10-21T15:53:33.226-03:00  WARN 10772 --- [mutants] [    Test worker] org.hibernate.orm.deprecation            : HHH90000025: H2Dialect does not need to be specified explicitly using 'hibernate.dialect' (remove the property setting and it will be selected by default)
2024-10-21T15:53:33.855-03:00  INFO 10772 --- [mutants] [    Test worker] o.h.e.t.j.p.i.JtaPlatformInitiator       : HHH000489: No JTA platform available (set 'hibernate.transaction.jta.platform' to enable JTA platform integration)
2024-10-21T15:53:33.869-03:00 DEBUG 10772 --- [mutants] [    Test worker] org.hibernate.SQL                        : drop table if exists secuencia_dna cascade 
Hibernate: drop table if exists secuencia_dna cascade 
2024-10-21T15:53:33.876-03:00 DEBUG 10772 --- [mutants] [    Test worker] org.hibernate.SQL                        : create table secuencia_dna (is_mutant boolean not null, id bigint generated by default as identity, dna TEXT unique, primary key (id))
Hibernate: create table secuencia_dna (is_mutant boolean not null, id bigint generated by default as identity, dna TEXT unique, primary key (id))
2024-10-21T15:53:33.884-03:00  INFO 10772 --- [mutants] [    Test worker] j.LocalContainerEntityManagerFactoryBean : Initialized JPA EntityManagerFactory for persistence unit 'default'
2024-10-21T15:53:34.372-03:00  WARN 10772 --- [mutants] [    Test worker] JpaBaseConfiguration$JpaWebConfiguration : spring.jpa.open-in-view is enabled by default. Therefore, database queries may be performed during view rendering. Explicitly configure spring.jpa.open-in-view to disable this warning
2024-10-21T15:53:34.461-03:00 DEBUG 10772 --- [mutants] [    Test worker] s.w.s.m.m.a.RequestMappingHandlerMapping : 8 mappings in 'requestMappingHandlerMapping'
2024-10-21T15:53:34.563-03:00 DEBUG 10772 --- [mutants] [    Test worker] o.s.w.s.handler.SimpleUrlHandlerMapping  : Patterns [/webjars/**, /**, /swagger-ui*/*swagger-initializer.js, /swagger-ui*/**] in 'resourceHandlerMapping'
2024-10-21T15:53:34.589-03:00 DEBUG 10772 --- [mutants] [    Test worker] s.w.s.m.m.a.RequestMappingHandlerAdapter : ControllerAdvice beans: 0 @ModelAttribute, 0 @InitBinder, 1 RequestBodyAdvice, 1 ResponseBodyAdvice
2024-10-21T15:53:34.617-03:00 DEBUG 10772 --- [mutants] [    Test worker] .m.m.a.ExceptionHandlerExceptionResolver : ControllerAdvice beans: 1 @ExceptionHandler, 1 ResponseBodyAdvice
2024-10-21T15:53:34.688-03:00  INFO 10772 --- [mutants] [    Test worker] o.s.b.a.h2.H2ConsoleAutoConfiguration    : H2 console available at '/ds-parcial'. Database available at 'jdbc:h2:mem:parcialds'
2024-10-21T15:53:34.734-03:00  INFO 10772 --- [mutants] [    Test worker] f.parcial.MutantsApplicationTests        : Started MutantsApplicationTests in 3.164 seconds (process running for 4.05)
]]></system-out>
  <system-err><![CDATA[]]></system-err>
</testsuite>
